LibDaemon/build/outputs/mapping/release/mapping.txt
com.slk.daemon.DaemonApplication -> com.slk.daemon.DaemonApplication:
    com.slk.daemon.IDaemonClient mDaemonClient -> mDaemonClient
    boolean mHasAttachBaseContext -> mHasAttachBaseContext
    com.slk.daemon.DaemonConfigurations getDaemonConfigurations() -> getDaemonConfigurations
    void <init>() -> <init>
    void attachBaseContext(android.content.Context) -> attachBaseContext
    void attachBaseContextByDaemon(android.content.Context) -> attachBaseContextByDaemon
com.slk.daemon.DaemonClient -> com.slk.daemon.DaemonClient:
    com.slk.daemon.DaemonConfigurations mConfigurations -> mConfigurations
    java.lang.String DAEMON_PERMITTING_SP_FILENAME -> DAEMON_PERMITTING_SP_FILENAME
    java.lang.String DAEMON_PERMITTING_SP_KEY -> DAEMON_PERMITTING_SP_KEY
    java.io.BufferedReader mBufferedReader -> mBufferedReader
    void <init>(com.slk.daemon.DaemonConfigurations) -> <init>
    void onAttachBaseContext(android.content.Context) -> onAttachBaseContext
    void initDaemon(android.content.Context) -> initDaemon
    java.lang.String getProcessName() -> getProcessName
    void releaseIO() -> releaseIO
    boolean isDaemonPermitting(android.content.Context) -> isDaemonPermitting
    boolean setDaemonPermiiting(android.content.Context,boolean) -> setDaemonPermiiting
com.slk.daemon.DaemonConfigurations -> com.slk.daemon.DaemonConfigurations:
    com.slk.daemon.DaemonConfigurations$DaemonConfiguration PERSISTENT_CONFIG -> PERSISTENT_CONFIG
    com.slk.daemon.DaemonConfigurations$DaemonConfiguration DAEMON_ASSISTANT_CONFIG -> DAEMON_ASSISTANT_CONFIG
    com.slk.daemon.DaemonConfigurations$DaemonListener LISTENER -> LISTENER
    void <init>(com.slk.daemon.DaemonConfigurations$DaemonConfiguration,com.slk.daemon.DaemonConfigurations$DaemonConfiguration) -> <init>
    void <init>(com.slk.daemon.DaemonConfigurations$DaemonConfiguration,com.slk.daemon.DaemonConfigurations$DaemonConfiguration,com.slk.daemon.DaemonConfigurations$DaemonListener) -> <init>
com.slk.daemon.DaemonConfigurations$DaemonConfiguration -> com.slk.daemon.DaemonConfigurations$DaemonConfiguration:
    java.lang.String PROCESS_NAME -> PROCESS_NAME
    java.lang.String SERVICE_NAME -> SERVICE_NAME
    java.lang.String RECEIVER_NAME -> RECEIVER_NAME
    void <init>(java.lang.String,java.lang.String,java.lang.String) -> <init>
com.slk.daemon.DaemonConfigurations$DaemonListener -> com.slk.daemon.DaemonConfigurations$DaemonListener:
    void onPersistentStart(android.content.Context) -> onPersistentStart
    void onDaemonAssistantStart(android.content.Context) -> onDaemonAssistantStart
    void onWatchDaemonDaed() -> onWatchDaemonDaed
com.slk.daemon.IDaemonClient -> com.slk.daemon.a:
    void onAttachBaseContext(android.content.Context) -> onAttachBaseContext
com.slk.daemon.IDaemonStrategy -> com.slk.daemon.b:
    boolean onInitialization(android.content.Context) -> a
    void onPersistentCreate(android.content.Context,com.slk.daemon.DaemonConfigurations) -> a
    void onDaemonAssistantCreate(android.content.Context,com.slk.daemon.DaemonConfigurations) -> b
    void onDaemonDead() -> a
com.slk.daemon.IDaemonStrategy$Fetcher -> com.slk.daemon.b$a:
    com.slk.daemon.IDaemonStrategy mDaemonStrategy -> a
    com.slk.daemon.IDaemonStrategy fetchStrategy() -> a
com.slk.daemon.NativeDaemonBase -> com.slk.daemon.NativeDaemonBase:
    android.content.Context mContext -> mContext
    void <init>(android.content.Context) -> <init>
    void onDaemonDead() -> onDaemonDead