LibDaemon/build/outputs/mapping/release/usage.txt
com.slk.daemon.BuildConfig
com.slk.daemon.IDaemonStrategy$Fetcher:
    43:43:public IDaemonStrategy$Fetcher()
com.slk.daemon.nativ.DaemonLibLoader:
    public static final java.lang.String CUP_ABI_ARM64_V8A
    public static final java.lang.String CUP_ABI_ARMEABI
    public static final java.lang.String CUP_ABI_ARMEABI_V7
    public static final java.lang.String CUP_ABI_X86
    public static final java.lang.String SO_FILE_NAME
    65:90:private void loadLibFromJarAccordCpu(java.io.File)
com.slk.daemon.strategy.DaemonStrategy21:
    private static final java.lang.String INDICATOR_DIR_NAME
    private static final java.lang.String INDICATOR_PERSISTENT_FILENAME
    private static final java.lang.String INDICATOR_DAEMON_ASSISTANT_FILENAME
    private static final java.lang.String OBSERVER_PERSISTENT_FILENAME
    private static final java.lang.String OBSERVER_DAEMON_ASSISTANT_FILENAME
com.slk.daemon.strategy.DaemonStrategy22:
    private static final java.lang.String INDICATOR_DIR_NAME
    private static final java.lang.String INDICATOR_PERSISTENT_FILENAME
    private static final java.lang.String INDICATOR_DAEMON_ASSISTANT_FILENAME
    private static final java.lang.String OBSERVER_PERSISTENT_FILENAME
    private static final java.lang.String OBSERVER_DAEMON_ASSISTANT_FILENAME
com.slk.daemon.strategy.DaemonStrategy23:
    private static final java.lang.String INDICATOR_DIR_NAME
    private static final java.lang.String INDICATOR_PERSISTENT_FILENAME
    private static final java.lang.String INDICATOR_DAEMON_ASSISTANT_FILENAME
    private static final java.lang.String OBSERVER_PERSISTENT_FILENAME
    private static final java.lang.String OBSERVER_DAEMON_ASSISTANT_FILENAME
com.slk.daemon.strategy.DaemonStrategyUnder21:
    121:123:private void copyJar(android.content.Context,java.lang.String,java.io.File,java.lang.String)